# JRE version: OpenJDK Runtime Environment Temurin-17.0.19+10 (17.0.19+10) (build 17.0.19+10)
# Java VM: OpenJDK 64-Bit Server VM Temurin-17.0.19+10 (17.0.19+10, mixed mode, sharing, tiered, compressed oops, compressed class ptrs, parallel gc, windows-amd64)
GC Precious Log:
 CPUs: 8 total, 8 available
 Memory: 14249M
 Large Page Support: Disabled
 NUMA Support: Disabled
 Compressed Oops: Enabled (Zero based)
 Alignments: Space 512K, Generation 512K, Heap 2M
 Heap Min Capacity: 8M
 Heap Initial Capacity: 224M
 Heap Max Capacity: 4G
 Pre-touch: Disabled
 Parallel Workers: 8
Heap:
 PSYoungGen      total 66048K, used 33787K [0x00000007aab00000, 0x00000007b0580000, 0x0000000800000000)
  eden space 56832K, 55% used [0x00000007aab00000,0x00000007ac9f20c8,0x00000007ae280000)
  from space 9216K, 22% used [0x00000007ae380000,0x00000007ae58cd30,0x00000007aec80000)
  to   space 17920K, 0% used [0x00000007af400000,0x00000007af400000,0x00000007b0580000)
 ParOldGen       total 153088K, used 22184K [0x0000000700000000, 0x0000000709580000, 0x00000007aab00000)
  object space 153088K, 14% used [0x0000000700000000,0x00000007015aa0e0,0x0000000709580000)
 Metaspace       used 33094K, committed 33600K, reserved 1114112K
  class space    used 4614K, committed 4864K, reserved 1048576K
GC Heap History (12 events):
Event: 5.023 GC heap before
{Heap before GC invocations=1 (full 0):
 PSYoungGen      total 67072K, used 57856K [0x00000007aab00000, 0x00000007af580000, 0x0000000800000000)
  eden space 57856K, 100% used [0x00000007aab00000,0x00000007ae380000,0x00000007ae380000)
  from space 9216K, 0% used [0x00000007aec80000,0x00000007aec80000,0x00000007af580000)
  to   space 9216K, 0% used [0x00000007ae380000,0x00000007ae380000,0x00000007aec80000)
 ParOldGen       total 153088K, used 0K [0x0000000700000000, 0x0000000709580000, 0x00000007aab00000)
  object space 153088K, 0% used [0x0000000700000000,0x0000000700000000,0x0000000709580000)
 Metaspace       used 4377K, committed 4544K, reserved 1114112K
  class space    used 547K, committed 640K, reserved 1048576K
}
Event: 5.049 GC heap after
{Heap after GC invocations=1 (full 0):
 PSYoungGen      total 67072K, used 9204K [0x00000007aab00000, 0x00000007af580000, 0x0000000800000000)
  eden space 57856K, 0% used [0x00000007aab00000,0x00000007aab00000,0x00000007ae380000)
  from space 9216K, 99% used [0x00000007ae380000,0x00000007aec7d100,0x00000007aec80000)
  to   space 9216K, 0% used [0x00000007aec80000,0x00000007aec80000,0x00000007af580000)
 ParOldGen       total 153088K, used 1429K [0x0000000700000000, 0x0000000709580000, 0x00000007aab00000)
  object space 153088K, 0% used [0x0000000700000000,0x0000000700165440,0x0000000709580000)
 Metaspace       used 4377K, committed 4544K, reserved 1114112K
  class space    used 547K, committed 640K, reserved 1048576K
}
Event: 10.023 GC heap before
{Heap before GC invocations=2 (full 0):
 PSYoungGen      total 67072K, used 67060K [0x00000007aab00000, 0x00000007af580000, 0x0000000800000000)
  eden space 57856K, 100% used [0x00000007aab00000,0x00000007ae380000,0x00000007ae380000)
  from space 9216K, 99% used [0x00000007ae380000,0x00000007aec7d100,0x00000007aec80000)
  to   space 9216K, 0% used [0x00000007aec80000,0x00000007aec80000,0x00000007af580000)
 ParOldGen       total 153088K, used 1429K [0x0000000700000000, 0x0000000709580000, 0x00000007aab00000)
  object space 153088K, 0% used [0x0000000700000000,0x0000000700165440,0x0000000709580000)
 Metaspace       used 4691K, committed 4864K, reserved 1114112K
  class space    used 590K, committed 704K, reserved 1048576K
}
Event: 10.030 GC heap after
{Heap after GC invocations=2 (full 0):
 PSYoungGen      total 67072K, used 9206K [0x00000007aab00000, 0x00000007af580000, 0x0000000800000000)
  eden space 57856K, 0% used [0x00000007aab00000,0x00000007aab00000,0x00000007ae380000)
  from space 9216K, 99% used [0x00000007aec80000,0x00000007af57dbc8,0x00000007af580000)
  to   space 9216K, 0% used [0x00000007ae380000,0x00000007ae380000,0x00000007aec80000)
 ParOldGen       total 153088K, used 6279K [0x0000000700000000, 0x0000000709580000, 0x00000007aab00000)
  object space 153088K, 4% used [0x0000000700000000,0x0000000700621d70,0x0000000709580000)
 Metaspace       used 4691K, committed 4864K, reserved 1114112K
  class space    used 590K, committed 704K, reserved 1048576K
}
Event: 22.562 GC heap before
{Heap before GC invocations=3 (full 0):
 PSYoungGen      total 67072K, used 67062K [0x00000007aab00000, 0x00000007af580000, 0x0000000800000000)
  eden space 57856K, 100% used [0x00000007aab00000,0x00000007ae380000,0x00000007ae380000)
  from space 9216K, 99% used [0x00000007aec80000,0x00000007af57dbc8,0x00000007af580000)
  to   space 9216K, 0% used [0x00000007ae380000,0x00000007ae380000,0x00000007aec80000)
 ParOldGen       total 153088K, used 6279K [0x0000000700000000, 0x0000000709580000, 0x00000007aab00000)
  object space 153088K, 4% used [0x0000000700000000,0x0000000700621d70,0x0000000709580000)
 Metaspace       used 14920K, committed 15168K, reserved 1114112K
  class space    used 2042K, committed 2176K, reserved 1048576K
}
Event: 22.635 GC heap after
{Heap after GC invocations=3 (full 0):
 PSYoungGen      total 67072K, used 9214K [0x00000007aab00000, 0x00000007af580000, 0x0000000800000000)
  eden space 57856K, 0% used [0x00000007aab00000,0x00000007aab00000,0x00000007ae380000)
  from space 9216K, 99% used [0x00000007ae380000,0x00000007aec7fbb0,0x00000007aec80000)
  to   space 9216K, 0% used [0x00000007aec80000,0x00000007aec80000,0x00000007af580000)
 ParOldGen       total 153088K, used 10958K [0x0000000700000000, 0x0000000709580000, 0x00000007aab00000)
  object space 153088K, 7% used [0x0000000700000000,0x0000000700ab3b90,0x0000000709580000)
 Metaspace       used 14920K, committed 15168K, reserved 1114112K
  class space    used 2042K, committed 2176K, reserved 1048576K
}
Event: 24.818 GC heap before
{Heap before GC invocations=4 (full 0):
 PSYoungGen      total 67072K, used 60623K [0x00000007aab00000, 0x00000007af580000, 0x0000000800000000)
  eden space 57856K, 88% used [0x00000007aab00000,0x00000007add34050,0x00000007ae380000)
  from space 9216K, 99% used [0x00000007ae380000,0x00000007aec7fbb0,0x00000007aec80000)
  to   space 9216K, 0% used [0x00000007aec80000,0x00000007aec80000,0x00000007af580000)
 ParOldGen       total 153088K, used 10958K [0x0000000700000000, 0x0000000709580000, 0x00000007aab00000)
  object space 153088K, 7% used [0x0000000700000000,0x0000000700ab3b90,0x0000000709580000)
 Metaspace       used 21185K, committed 21504K, reserved 1114112K
  class space    used 3097K, committed 3264K, reserved 1048576K
}
Event: 24.826 GC heap after
{Heap after GC invocations=4 (full 0):
 PSYoungGen      total 67072K, used 9215K [0x00000007aab00000, 0x00000007af580000, 0x0000000800000000)
  eden space 57856K, 0% used [0x00000007aab00000,0x00000007aab00000,0x00000007ae380000)
  from space 9216K, 99% used [0x00000007aec80000,0x00000007af57fce0,0x00000007af580000)
  to   space 9216K, 0% used [0x00000007ae380000,0x00000007ae380000,0x00000007aec80000)
 ParOldGen       total 153088K, used 13654K [0x0000000700000000, 0x0000000709580000, 0x00000007aab00000)
  object space 153088K, 8% used [0x0000000700000000,0x0000000700d55b40,0x0000000709580000)
 Metaspace       used 21185K, committed 21504K, reserved 1114112K
  class space    used 3097K, committed 3264K, reserved 1048576K
}
Event: 24.826 GC heap before
{Heap before GC invocations=5 (full 1):
 PSYoungGen      total 67072K, used 9215K [0x00000007aab00000, 0x00000007af580000, 0x0000000800000000)
  eden space 57856K, 0% used [0x00000007aab00000,0x00000007aab00000,0x00000007ae380000)
  from space 9216K, 99% used [0x00000007aec80000,0x00000007af57fce0,0x00000007af580000)
  to   space 9216K, 0% used [0x00000007ae380000,0x00000007ae380000,0x00000007aec80000)
 ParOldGen       total 153088K, used 13654K [0x0000000700000000, 0x0000000709580000, 0x00000007aab00000)
  object space 153088K, 8% used [0x0000000700000000,0x0000000700d55b40,0x0000000709580000)
 Metaspace       used 21185K, committed 21504K, reserved 1114112K
  class space    used 3097K, committed 3264K, reserved 1048576K
}
Event: 24.874 GC heap after
{Heap after GC invocations=5 (full 1):
 PSYoungGen      total 67072K, used 0K [0x00000007aab00000, 0x00000007af580000, 0x0000000800000000)
  eden space 57856K, 0% used [0x00000007aab00000,0x00000007aab00000,0x00000007ae380000)
  from space 9216K, 0% used [0x00000007aec80000,0x00000007aec80000,0x00000007af580000)
  to   space 9216K, 0% used [0x00000007ae380000,0x00000007ae380000,0x00000007aec80000)
 ParOldGen       total 153088K, used 22176K [0x0000000700000000, 0x0000000709580000, 0x00000007aab00000)
  object space 153088K, 14% used [0x0000000700000000,0x00000007015a80e0,0x0000000709580000)
 Metaspace       used 21185K, committed 21504K, reserved 1114112K
  class space    used 3097K, committed 3264K, reserved 1048576K
}
Event: 27.265 GC heap before
{Heap before GC invocations=6 (full 1):
 PSYoungGen      total 67072K, used 57849K [0x00000007aab00000, 0x00000007af580000, 0x0000000800000000)
  eden space 57856K, 99% used [0x00000007aab00000,0x00000007ae37e6d8,0x00000007ae380000)
  from space 9216K, 0% used [0x00000007aec80000,0x00000007aec80000,0x00000007af580000)
  to   space 9216K, 0% used [0x00000007ae380000,0x00000007ae380000,0x00000007aec80000)
 ParOldGen       total 153088K, used 22176K [0x0000000700000000, 0x0000000709580000, 0x00000007aab00000)
  object space 153088K, 14% used [0x0000000700000000,0x00000007015a80e0,0x0000000709580000)
 Metaspace       used 29095K, committed 29440K, reserved 1114112K
  class space    used 4070K, committed 4224K, reserved 1048576K
}
Event: 27.268 GC heap after
{Heap after GC invocations=6 (full 1):
 PSYoungGen      total 66048K, used 2099K [0x00000007aab00000, 0x00000007b0580000, 0x0000000800000000)
  eden space 56832K, 0% used [0x00000007aab00000,0x00000007aab00000,0x00000007ae280000)
  from space 9216K, 22% used [0x00000007ae380000,0x00000007ae58cd30,0x00000007aec80000)
  to   space 17920K, 0% used [0x00000007af400000,0x00000007af400000,0x00000007b0580000)
 ParOldGen       total 153088K, used 22184K [0x0000000700000000, 0x0000000709580000, 0x00000007aab00000)
  object space 153088K, 14% used [0x0000000700000000,0x00000007015aa0e0,0x0000000709580000)
 Metaspace       used 29095K, committed 29440K, reserved 1114112K
  class space    used 4070K, committed 4224K, reserved 1048576K
}

