# JRE version: OpenJDK Runtime Environment Temurin-17.0.19+10 (17.0.19+10) (build 17.0.19+10)
# Java VM: OpenJDK 64-Bit Server VM Temurin-17.0.19+10 (17.0.19+10, mixed mode, sharing, tiered, compressed oops, compressed class ptrs, parallel gc, windows-amd64)
GC Precious Log:
 CPUs: 8 total, 8 available
 Memory: 14249M
 Large Page Support: Disabled
 NUMA Support: Disabled
 Compressed Oops: Enabled (Zero based)
 Alignments: Space 512K, Generation 512K, Heap 2M
 Heap Min Capacity: 8M
 Heap Initial Capacity: 224M
 Heap Max Capacity: 4G
 Pre-touch: Disabled
 Parallel Workers: 8
Heap:
 PSYoungGen      total 250880K, used 141587K [0x00000007aab00000, 0x00000007c9d00000, 0x0000000800000000)
  eden space 228352K, 62% used [0x00000007aab00000,0x00000007b3544e40,0x00000007b8a00000)
  from space 22528K, 0% used [0x00000007b8a00000,0x00000007b8a00000,0x00000007ba000000)
  to   space 23552K, 0% used [0x00000007c8600000,0x00000007c8600000,0x00000007c9d00000)
 ParOldGen       total 153088K, used 44116K [0x0000000700000000, 0x0000000709580000, 0x00000007aab00000)
  object space 153088K, 28% used [0x0000000700000000,0x0000000702b15350,0x0000000709580000)
 Metaspace       used 74054K, committed 74624K, reserved 1114112K
  class space    used 9957K, committed 10240K, reserved 1048576K
GC Heap History (20 events):
Event: 4.016 GC heap before
{Heap before GC invocations=1 (full 0):
 PSYoungGen      total 67072K, used 57856K [0x00000007aab00000, 0x00000007af580000, 0x0000000800000000)
  eden space 57856K, 100% used [0x00000007aab00000,0x00000007ae380000,0x00000007ae380000)
  from space 9216K, 0% used [0x00000007aec80000,0x00000007aec80000,0x00000007af580000)
  to   space 9216K, 0% used [0x00000007ae380000,0x00000007ae380000,0x00000007aec80000)
 ParOldGen       total 153088K, used 0K [0x0000000700000000, 0x0000000709580000, 0x00000007aab00000)
  object space 153088K, 0% used [0x0000000700000000,0x0000000700000000,0x0000000709580000)
 Metaspace       used 4391K, committed 4608K, reserved 1114112K
  class space    used 547K, committed 640K, reserved 1048576K
}
Event: 4.118 GC heap after
{Heap after GC invocations=1 (full 0):
 PSYoungGen      total 67072K, used 9199K [0x00000007aab00000, 0x00000007b2e00000, 0x0000000800000000)
  eden space 57856K, 0% used [0x00000007aab00000,0x00000007aab00000,0x00000007ae380000)
  from space 9216K, 99% used [0x00000007ae380000,0x00000007aec7bf68,0x00000007aec80000)
  to   space 9216K, 0% used [0x00000007b2500000,0x00000007b2500000,0x00000007b2e00000)
 ParOldGen       total 153088K, used 1409K [0x0000000700000000, 0x0000000709580000, 0x00000007aab00000)
  object space 153088K, 0% used [0x0000000700000000,0x0000000700160798,0x0000000709580000)
 Metaspace       used 4391K, committed 4608K, reserved 1114112K
  class space    used 547K, committed 640K, reserved 1048576K
}
Event: 5.624 GC heap before
{Heap before GC invocations=2 (full 0):
 PSYoungGen      total 67072K, used 67055K [0x00000007aab00000, 0x00000007b2e00000, 0x0000000800000000)
  eden space 57856K, 100% used [0x00000007aab00000,0x00000007ae380000,0x00000007ae380000)
  from space 9216K, 99% used [0x00000007ae380000,0x00000007aec7bf68,0x00000007aec80000)
  to   space 9216K, 0% used [0x00000007b2500000,0x00000007b2500000,0x00000007b2e00000)
 ParOldGen       total 153088K, used 1409K [0x0000000700000000, 0x0000000709580000, 0x00000007aab00000)
  object space 153088K, 0% used [0x0000000700000000,0x0000000700160798,0x0000000709580000)
 Metaspace       used 4693K, committed 4928K, reserved 1114112K
  class space    used 588K, committed 704K, reserved 1048576K
}
Event: 5.632 GC heap after
{Heap after GC invocations=2 (full 0):
 PSYoungGen      total 124928K, used 9206K [0x00000007aab00000, 0x00000007b2e00000, 0x0000000800000000)
  eden space 115712K, 0% used [0x00000007aab00000,0x00000007aab00000,0x00000007b1c00000)
  from space 9216K, 99% used [0x00000007b2500000,0x00000007b2dfd998,0x00000007b2e00000)
  to   space 9216K, 0% used [0x00000007b1c00000,0x00000007b1c00000,0x00000007b2500000)
 ParOldGen       total 153088K, used 6250K [0x0000000700000000, 0x0000000709580000, 0x00000007aab00000)
  object space 153088K, 4% used [0x0000000700000000,0x000000070061a988,0x0000000709580000)
 Metaspace       used 4693K, committed 4928K, reserved 1114112K
  class space    used 588K, committed 704K, reserved 1048576K
}
Event: 11.691 GC heap before
{Heap before GC invocations=3 (full 0):
 PSYoungGen      total 124928K, used 124918K [0x00000007aab00000, 0x00000007b2e00000, 0x0000000800000000)
  eden space 115712K, 100% used [0x00000007aab00000,0x00000007b1c00000,0x00000007b1c00000)
  from space 9216K, 99% used [0x00000007b2500000,0x00000007b2dfd998,0x00000007b2e00000)
  to   space 9216K, 0% used [0x00000007b1c00000,0x00000007b1c00000,0x00000007b2500000)
 ParOldGen       total 153088K, used 6250K [0x0000000700000000, 0x0000000709580000, 0x00000007aab00000)
  object space 153088K, 4% used [0x0000000700000000,0x000000070061a988,0x0000000709580000)
 Metaspace       used 20907K, committed 21184K, reserved 1114112K
  class space    used 3064K, committed 3200K, reserved 1048576K
}
Event: 11.710 GC heap after
{Heap after GC invocations=3 (full 0):
 PSYoungGen      total 124928K, used 9189K [0x00000007aab00000, 0x00000007b9f00000, 0x0000000800000000)
  eden space 115712K, 0% used [0x00000007aab00000,0x00000007aab00000,0x00000007b1c00000)
  from space 9216K, 99% used [0x00000007b1c00000,0x00000007b24f96f0,0x00000007b2500000)
  to   space 9216K, 0% used [0x00000007b9600000,0x00000007b9600000,0x00000007b9f00000)
 ParOldGen       total 153088K, used 13353K [0x0000000700000000, 0x0000000709580000, 0x00000007aab00000)
  object space 153088K, 8% used [0x0000000700000000,0x0000000700d0a430,0x0000000709580000)
 Metaspace       used 20907K, committed 21184K, reserved 1114112K
  class space    used 3064K, committed 3200K, reserved 1048576K
}
Event: 11.815 GC heap before
{Heap before GC invocations=4 (full 0):
 PSYoungGen      total 124928K, used 12442K [0x00000007aab00000, 0x00000007b9f00000, 0x0000000800000000)
  eden space 115712K, 2% used [0x00000007aab00000,0x00000007aae2d4f8,0x00000007b1c00000)
  from space 9216K, 99% used [0x00000007b1c00000,0x00000007b24f96f0,0x00000007b2500000)
  to   space 9216K, 0% used [0x00000007b9600000,0x00000007b9600000,0x00000007b9f00000)
 ParOldGen       total 153088K, used 13353K [0x0000000700000000, 0x0000000709580000, 0x00000007aab00000)
  object space 153088K, 8% used [0x0000000700000000,0x0000000700d0a430,0x0000000709580000)
 Metaspace       used 21240K, committed 21504K, reserved 1114112K
  class space    used 3114K, committed 3264K, reserved 1048576K
}
Event: 11.824 GC heap after
{Heap after GC invocations=4 (full 0):
 PSYoungGen      total 240640K, used 9194K [0x00000007aab00000, 0x00000007b9f00000, 0x0000000800000000)
  eden space 231424K, 0% used [0x00000007aab00000,0x00000007aab00000,0x00000007b8d00000)
  from space 9216K, 99% used [0x00000007b9600000,0x00000007b9efaab8,0x00000007b9f00000)
  to   space 9216K, 0% used [0x00000007b8d00000,0x00000007b8d00000,0x00000007b9600000)
 ParOldGen       total 153088K, used 13521K [0x0000000700000000, 0x0000000709580000, 0x00000007aab00000)
  object space 153088K, 8% used [0x0000000700000000,0x0000000700d34430,0x0000000709580000)
 Metaspace       used 21240K, committed 21504K, reserved 1114112K
  class space    used 3114K, committed 3264K, reserved 1048576K
}
Event: 11.824 GC heap before
{Heap before GC invocations=5 (full 1):
 PSYoungGen      total 240640K, used 9194K [0x00000007aab00000, 0x00000007b9f00000, 0x0000000800000000)
  eden space 231424K, 0% used [0x00000007aab00000,0x00000007aab00000,0x00000007b8d00000)
  from space 9216K, 99% used [0x00000007b9600000,0x00000007b9efaab8,0x00000007b9f00000)
  to   space 9216K, 0% used [0x00000007b8d00000,0x00000007b8d00000,0x00000007b9600000)
 ParOldGen       total 153088K, used 13521K [0x0000000700000000, 0x0000000709580000, 0x00000007aab00000)
  object space 153088K, 8% used [0x0000000700000000,0x0000000700d34430,0x0000000709580000)
 Metaspace       used 21240K, committed 21504K, reserved 1114112K
  class space    used 3114K, committed 3264K, reserved 1048576K
}
Event: 11.886 GC heap after
{Heap after GC invocations=5 (full 1):
 PSYoungGen      total 240640K, used 0K [0x00000007aab00000, 0x00000007b9f00000, 0x0000000800000000)
  eden space 231424K, 0% used [0x00000007aab00000,0x00000007aab00000,0x00000007b8d00000)
  from space 9216K, 0% used [0x00000007b9600000,0x00000007b9600000,0x00000007b9f00000)
  to   space 9216K, 0% used [0x00000007b8d00000,0x00000007b8d00000,0x00000007b9600000)
 ParOldGen       total 153088K, used 22163K [0x0000000700000000, 0x0000000709580000, 0x00000007aab00000)
  object space 153088K, 14% used [0x0000000700000000,0x00000007015a4f50,0x0000000709580000)
 Metaspace       used 21240K, committed 21504K, reserved 1114112K
  class space    used 3114K, committed 3264K, reserved 1048576K
}
Event: 16.525 GC heap before
{Heap before GC invocations=6 (full 1):
 PSYoungGen      total 240640K, used 101639K [0x00000007aab00000, 0x00000007b9f00000, 0x0000000800000000)
  eden space 231424K, 43% used [0x00000007aab00000,0x00000007b0e41e50,0x00000007b8d00000)
  from space 9216K, 0% used [0x00000007b9600000,0x00000007b9600000,0x00000007b9f00000)
  to   space 9216K, 0% used [0x00000007b8d00000,0x00000007b8d00000,0x00000007b9600000)
 ParOldGen       total 153088K, used 22163K [0x0000000700000000, 0x0000000709580000, 0x00000007aab00000)
  object space 153088K, 14% used [0x0000000700000000,0x00000007015a4f50,0x0000000709580000)
 Metaspace       used 35496K, committed 35840K, reserved 1114112K
  class space    used 4879K, committed 5056K, reserved 1048576K
}
Event: 16.534 GC heap after
{Heap after GC invocations=6 (full 1):
 PSYoungGen      total 240640K, used 5512K [0x00000007aab00000, 0x00000007bb300000, 0x0000000800000000)
  eden space 231424K, 0% used [0x00000007aab00000,0x00000007aab00000,0x00000007b8d00000)
  from space 9216K, 59% used [0x00000007b8d00000,0x00000007b92621e8,0x00000007b9600000)
  to   space 19456K, 0% used [0x00000007ba000000,0x00000007ba000000,0x00000007bb300000)
 ParOldGen       total 153088K, used 22171K [0x0000000700000000, 0x0000000709580000, 0x00000007aab00000)
  object space 153088K, 14% used [0x0000000700000000,0x00000007015a6f50,0x0000000709580000)
 Metaspace       used 35496K, committed 35840K, reserved 1114112K
  class space    used 4879K, committed 5056K, reserved 1048576K
}
Event: 16.534 GC heap before
{Heap before GC invocations=7 (full 2):
 PSYoungGen      total 240640K, used 5512K [0x00000007aab00000, 0x00000007bb300000, 0x0000000800000000)
  eden space 231424K, 0% used [0x00000007aab00000,0x00000007aab00000,0x00000007b8d00000)
  from space 9216K, 59% used [0x00000007b8d00000,0x00000007b92621e8,0x00000007b9600000)
  to   space 19456K, 0% used [0x00000007ba000000,0x00000007ba000000,0x00000007bb300000)
 ParOldGen       total 153088K, used 22171K [0x0000000700000000, 0x0000000709580000, 0x00000007aab00000)
  object space 153088K, 14% used [0x0000000700000000,0x00000007015a6f50,0x0000000709580000)
 Metaspace       used 35496K, committed 35840K, reserved 1114112K
  class space    used 4879K, committed 5056K, reserved 1048576K
}
Event: 16.592 GC heap after
{Heap after GC invocations=7 (full 2):
 PSYoungGen      total 240640K, used 0K [0x00000007aab00000, 0x00000007bb300000, 0x0000000800000000)
  eden space 231424K, 0% used [0x00000007aab00000,0x00000007aab00000,0x00000007b8d00000)
  from space 9216K, 0% used [0x00000007b8d00000,0x00000007b8d00000,0x00000007b9600000)
  to   space 19456K, 0% used [0x00000007ba000000,0x00000007ba000000,0x00000007bb300000)
 ParOldGen       total 153088K, used 27258K [0x0000000700000000, 0x0000000709580000, 0x00000007aab00000)
  object space 153088K, 17% used [0x0000000700000000,0x0000000701a9e858,0x0000000709580000)
 Metaspace       used 35496K, committed 35840K, reserved 1114112K
  class space    used 4879K, committed 5056K, reserved 1048576K
}
Event: 27.813 GC heap before
{Heap before GC invocations=8 (full 2):
 PSYoungGen      total 240640K, used 231424K [0x00000007aab00000, 0x00000007bb300000, 0x0000000800000000)
  eden space 231424K, 100% used [0x00000007aab00000,0x00000007b8d00000,0x00000007b8d00000)
  from space 9216K, 0% used [0x00000007b8d00000,0x00000007b8d00000,0x00000007b9600000)
  to   space 19456K, 0% used [0x00000007ba000000,0x00000007ba000000,0x00000007bb300000)
 ParOldGen       total 153088K, used 27258K [0x0000000700000000, 0x0000000709580000, 0x00000007aab00000)
  object space 153088K, 17% used [0x0000000700000000,0x0000000701a9e858,0x0000000709580000)
 Metaspace       used 56633K, committed 57280K, reserved 1114112K
  class space    used 7971K, committed 8256K, reserved 1048576K
}
Event: 27.831 GC heap after
{Heap after GC invocations=8 (full 2):
 PSYoungGen      total 247808K, used 18983K [0x00000007aab00000, 0x00000007c9b00000, 0x0000000800000000)
  eden space 228352K, 0% used [0x00000007aab00000,0x00000007aab00000,0x00000007b8a00000)
  from space 19456K, 97% used [0x00000007ba000000,0x00000007bb289fb8,0x00000007bb300000)
  to   space 22528K, 0% used [0x00000007b8a00000,0x00000007b8a00000,0x00000007ba000000)
 ParOldGen       total 153088K, used 27392K [0x0000000700000000, 0x0000000709580000, 0x00000007aab00000)
  object space 153088K, 17% used [0x0000000700000000,0x0000000701ac0078,0x0000000709580000)
 Metaspace       used 56633K, committed 57280K, reserved 1114112K
  class space    used 7971K, committed 8256K, reserved 1048576K
}
Event: 29.278 GC heap before
{Heap before GC invocations=9 (full 2):
 PSYoungGen      total 247808K, used 60190K [0x00000007aab00000, 0x00000007c9b00000, 0x0000000800000000)
  eden space 228352K, 18% used [0x00000007aab00000,0x00000007ad33da98,0x00000007b8a00000)
  from space 19456K, 97% used [0x00000007ba000000,0x00000007bb289fb8,0x00000007bb300000)
  to   space 22528K, 0% used [0x00000007b8a00000,0x00000007b8a00000,0x00000007ba000000)
 ParOldGen       total 153088K, used 27392K [0x0000000700000000, 0x0000000709580000, 0x00000007aab00000)
  object space 153088K, 17% used [0x0000000700000000,0x0000000701ac0078,0x0000000709580000)
 Metaspace       used 59246K, committed 59776K, reserved 1114112K
  class space    used 8287K, committed 8576K, reserved 1048576K
}
Event: 29.299 GC heap after
{Heap after GC invocations=9 (full 2):
 PSYoungGen      total 250880K, used 16965K [0x00000007aab00000, 0x00000007c9d00000, 0x0000000800000000)
  eden space 228352K, 0% used [0x00000007aab00000,0x00000007aab00000,0x00000007b8a00000)
  from space 22528K, 75% used [0x00000007b8a00000,0x00000007b9a915b0,0x00000007ba000000)
  to   space 23552K, 0% used [0x00000007c8600000,0x00000007c8600000,0x00000007c9d00000)
 ParOldGen       total 153088K, used 27400K [0x0000000700000000, 0x0000000709580000, 0x00000007aab00000)
  object space 153088K, 17% used [0x0000000700000000,0x0000000701ac2078,0x0000000709580000)
 Metaspace       used 59246K, committed 59776K, reserved 1114112K
  class space    used 8287K, committed 8576K, reserved 1048576K
}
Event: 29.299 GC heap before
{Heap before GC invocations=10 (full 3):
 PSYoungGen      total 250880K, used 16965K [0x00000007aab00000, 0x00000007c9d00000, 0x0000000800000000)
  eden space 228352K, 0% used [0x00000007aab00000,0x00000007aab00000,0x00000007b8a00000)
  from space 22528K, 75% used [0x00000007b8a00000,0x00000007b9a915b0,0x00000007ba000000)
  to   space 23552K, 0% used [0x00000007c8600000,0x00000007c8600000,0x00000007c9d00000)
 ParOldGen       total 153088K, used 27400K [0x0000000700000000, 0x0000000709580000, 0x00000007aab00000)
  object space 153088K, 17% used [0x0000000700000000,0x0000000701ac2078,0x0000000709580000)
 Metaspace       used 59246K, committed 59776K, reserved 1114112K
  class space    used 8287K, committed 8576K, reserved 1048576K
}
Event: 29.421 GC heap after
{Heap after GC invocations=10 (full 3):
 PSYoungGen      total 250880K, used 0K [0x00000007aab00000, 0x00000007c9d00000, 0x0000000800000000)
  eden space 228352K, 0% used [0x00000007aab00000,0x00000007aab00000,0x00000007b8a00000)
  from space 22528K, 0% used [0x00000007b8a00000,0x00000007b8a00000,0x00000007ba000000)
  to   space 23552K, 0% used [0x00000007c8600000,0x00000007c8600000,0x00000007c9d00000)
 ParOldGen       total 153088K, used 44116K [0x0000000700000000, 0x0000000709580000, 0x00000007aab00000)
  object space 153088K, 28% used [0x0000000700000000,0x0000000702b15350,0x0000000709580000)
 Metaspace       used 59246K, committed 59776K, reserved 1114112K
  class space    used 8287K, committed 8576K, reserved 1048576K
}

